2019-05-15T07:44:02+00:00 CRITICAL syntax error, unexpected 'billing' (T_STRING), expecting ',' or ';' in /var/www/wordpress/optimus/wp-content/plugins/mpesa-woocommerce/lipa_na_mpesa.php on line 102

2019-05-15T07:45:05+00:00 CRITICAL syntax error, unexpected 'echo' (T_ECHO) in /var/www/wordpress/optimus/wp-content/plugins/mpesa-woocommerce/lipa_na_mpesa.php on line 102

2019-05-15T07:45:22+00:00 CRITICAL syntax error, unexpected 'billing' (T_STRING), expecting ',' or ';' in /var/www/wordpress/optimus/wp-content/plugins/mpesa-woocommerce/lipa_na_mpesa.php on line 102

2019-05-15T07:45:33+00:00 CRITICAL syntax error, unexpected 'billing' (T_STRING), expecting ',' or ';' in /var/www/wordpress/optimus/wp-content/plugins/mpesa-woocommerce/lipa_na_mpesa.php on line 102

2019-05-15T07:46:00+00:00 CRITICAL syntax error, unexpected '.' in /var/www/wordpress/optimus/wp-content/plugins/mpesa-woocommerce/lipa_na_mpesa.php on line 102

2019-05-15T07:46:44+00:00 CRITICAL Uncaught ArgumentCountError: Too few arguments to function Lipa_Na_Mpesa::payment_fields(), 0 passed in /var/www/wordpress/optimus/wp-content/plugins/woocommerce/templates/checkout/payment-method.php on line 30 and exactly 1 expected in /var/www/wordpress/optimus/wp-content/plugins/mpesa-woocommerce/lipa_na_mpesa.php:81
Stack trace:
#0 /var/www/wordpress/optimus/wp-content/plugins/woocommerce/templates/checkout/payment-method.php(30): Lipa_Na_Mpesa->payment_fields()
#1 /var/www/wordpress/optimus/wp-content/plugins/woocommerce/includes/wc-core-functions.php(249): include('/var/www/wordpr...')
#2 /var/www/wordpress/optimus/wp-content/plugins/woocommerce/templates/checkout/payment.php(30): wc_get_template('checkout/paymen...', Array)
#3 /var/www/wordpress/optimus/wp-content/plugins/woocommerce/includes/wc-core-functions.php(249): include('/var/www/wordpr...')
#4 /var/www/wordpress/optimus/wp-content/plugins/woocommerce/includes/wc-template-functions.php(2220): wc_get_template('checkout/paymen...', Array)
#5 /var in /var/www/wordpress/optimus/wp-content/plugins/mpesa-woocommerce/lipa_na_mpesa.php on line 81

2019-05-15T08:03:57+00:00 CRITICAL Uncaught Error: Call to undefined function get_api_token() in /var/www/wordpress/optimus/wp-content/plugins/mpesa-woocommerce/lipa_na_mpesa.php:117
Stack trace:
#0 /var/www/wordpress/optimus/wp-content/plugins/woocommerce/includes/class-wc-checkout.php(923): Lipa_Na_Mpesa->process_payment(92)
#1 /var/www/wordpress/optimus/wp-content/plugins/woocommerce/includes/class-wc-checkout.php(1123): WC_Checkout->process_order_payment(92, 'lipa_na_mpesa')
#2 /var/www/wordpress/optimus/wp-content/plugins/woocommerce/includes/class-wc-ajax.php(462): WC_Checkout->process_checkout()
#3 /var/www/wordpress/optimus/wp-includes/class-wp-hook.php(286): WC_AJAX::checkout('')
#4 /var/www/wordpress/optimus/wp-includes/class-wp-hook.php(310): WP_Hook->apply_filters('', Array)
#5 /var/www/wordpress/optimus/wp-includes/plugin.php(465): WP_Hook->do_action(Array)
#6 /var/www/wordpress/optimus/wp-content/plugins/woocommerce/includes/class-wc-ajax.php(87): do_action('wc_ajax_checkou...')
#7 /var/www/wordpress/optimus/wp-includes/class-wp- in /var/www/wordpress/optimus/wp-content/plugins/mpesa-woocommerce/lipa_na_mpesa.php on line 117

2019-05-15T08:04:22+00:00 CRITICAL Uncaught Error: Call to undefined function get_api_token() in /var/www/wordpress/optimus/wp-content/plugins/mpesa-woocommerce/lipa_na_mpesa.php:117
Stack trace:
#0 /var/www/wordpress/optimus/wp-content/plugins/woocommerce/includes/class-wc-checkout.php(923): Lipa_Na_Mpesa->process_payment(92)
#1 /var/www/wordpress/optimus/wp-content/plugins/woocommerce/includes/class-wc-checkout.php(1123): WC_Checkout->process_order_payment(92, 'lipa_na_mpesa')
#2 /var/www/wordpress/optimus/wp-content/plugins/woocommerce/includes/class-wc-ajax.php(462): WC_Checkout->process_checkout()
#3 /var/www/wordpress/optimus/wp-includes/class-wp-hook.php(286): WC_AJAX::checkout('')
#4 /var/www/wordpress/optimus/wp-includes/class-wp-hook.php(310): WP_Hook->apply_filters('', Array)
#5 /var/www/wordpress/optimus/wp-includes/plugin.php(465): WP_Hook->do_action(Array)
#6 /var/www/wordpress/optimus/wp-content/plugins/woocommerce/includes/class-wc-ajax.php(87): do_action('wc_ajax_checkou...')
#7 /var/www/wordpress/optimus/wp-includes/class-wp- in /var/www/wordpress/optimus/wp-content/plugins/mpesa-woocommerce/lipa_na_mpesa.php on line 117

2019-05-15T08:05:31+00:00 CRITICAL Uncaught Error: Call to undefined function get_api_token() in /var/www/wordpress/optimus/wp-content/plugins/mpesa-woocommerce/lipa_na_mpesa.php:117
Stack trace:
#0 /var/www/wordpress/optimus/wp-content/plugins/woocommerce/includes/class-wc-checkout.php(923): Lipa_Na_Mpesa->process_payment(92)
#1 /var/www/wordpress/optimus/wp-content/plugins/woocommerce/includes/class-wc-checkout.php(1123): WC_Checkout->process_order_payment(92, 'lipa_na_mpesa')
#2 /var/www/wordpress/optimus/wp-content/plugins/woocommerce/includes/class-wc-ajax.php(462): WC_Checkout->process_checkout()
#3 /var/www/wordpress/optimus/wp-includes/class-wp-hook.php(286): WC_AJAX::checkout('')
#4 /var/www/wordpress/optimus/wp-includes/class-wp-hook.php(310): WP_Hook->apply_filters('', Array)
#5 /var/www/wordpress/optimus/wp-includes/plugin.php(465): WP_Hook->do_action(Array)
#6 /var/www/wordpress/optimus/wp-content/plugins/woocommerce/includes/class-wc-ajax.php(87): do_action('wc_ajax_checkou...')
#7 /var/www/wordpress/optimus/wp-includes/class-wp- in /var/www/wordpress/optimus/wp-content/plugins/mpesa-woocommerce/lipa_na_mpesa.php on line 117

2019-05-15T08:05:58+00:00 CRITICAL Uncaught Error: Call to undefined function get_api_token() in /var/www/wordpress/optimus/wp-content/plugins/mpesa-woocommerce/lipa_na_mpesa.php:117
Stack trace:
#0 /var/www/wordpress/optimus/wp-content/plugins/woocommerce/includes/class-wc-checkout.php(923): Lipa_Na_Mpesa->process_payment(92)
#1 /var/www/wordpress/optimus/wp-content/plugins/woocommerce/includes/class-wc-checkout.php(1123): WC_Checkout->process_order_payment(92, 'lipa_na_mpesa')
#2 /var/www/wordpress/optimus/wp-content/plugins/woocommerce/includes/class-wc-ajax.php(462): WC_Checkout->process_checkout()
#3 /var/www/wordpress/optimus/wp-includes/class-wp-hook.php(286): WC_AJAX::checkout('')
#4 /var/www/wordpress/optimus/wp-includes/class-wp-hook.php(310): WP_Hook->apply_filters('', Array)
#5 /var/www/wordpress/optimus/wp-includes/plugin.php(465): WP_Hook->do_action(Array)
#6 /var/www/wordpress/optimus/wp-content/plugins/woocommerce/includes/class-wc-ajax.php(87): do_action('wc_ajax_checkou...')
#7 /var/www/wordpress/optimus/wp-includes/class-wp- in /var/www/wordpress/optimus/wp-content/plugins/mpesa-woocommerce/lipa_na_mpesa.php on line 117

2019-05-15T08:06:27+00:00 CRITICAL Uncaught Error: Call to undefined function get_api_token() in /var/www/wordpress/optimus/wp-content/plugins/mpesa-woocommerce/lipa_na_mpesa.php:117
Stack trace:
#0 /var/www/wordpress/optimus/wp-content/plugins/woocommerce/includes/class-wc-checkout.php(923): Lipa_Na_Mpesa->process_payment(92)
#1 /var/www/wordpress/optimus/wp-content/plugins/woocommerce/includes/class-wc-checkout.php(1123): WC_Checkout->process_order_payment(92, 'lipa_na_mpesa')
#2 /var/www/wordpress/optimus/wp-content/plugins/woocommerce/includes/class-wc-ajax.php(462): WC_Checkout->process_checkout()
#3 /var/www/wordpress/optimus/wp-includes/class-wp-hook.php(286): WC_AJAX::checkout('')
#4 /var/www/wordpress/optimus/wp-includes/class-wp-hook.php(310): WP_Hook->apply_filters('', Array)
#5 /var/www/wordpress/optimus/wp-includes/plugin.php(465): WP_Hook->do_action(Array)
#6 /var/www/wordpress/optimus/wp-content/plugins/woocommerce/includes/class-wc-ajax.php(87): do_action('wc_ajax_checkou...')
#7 /var/www/wordpress/optimus/wp-includes/class-wp- in /var/www/wordpress/optimus/wp-content/plugins/mpesa-woocommerce/lipa_na_mpesa.php on line 117

2019-05-15T08:07:19+00:00 CRITICAL Uncaught Error: Call to undefined function get_api_token() in /var/www/wordpress/optimus/wp-content/plugins/mpesa-woocommerce/lipa_na_mpesa.php:120
Stack trace:
#0 /var/www/wordpress/optimus/wp-content/plugins/woocommerce/includes/class-wc-checkout.php(923): Lipa_Na_Mpesa->process_payment(92)
#1 /var/www/wordpress/optimus/wp-content/plugins/woocommerce/includes/class-wc-checkout.php(1123): WC_Checkout->process_order_payment(92, 'lipa_na_mpesa')
#2 /var/www/wordpress/optimus/wp-content/plugins/woocommerce/includes/class-wc-ajax.php(462): WC_Checkout->process_checkout()
#3 /var/www/wordpress/optimus/wp-includes/class-wp-hook.php(286): WC_AJAX::checkout('')
#4 /var/www/wordpress/optimus/wp-includes/class-wp-hook.php(310): WP_Hook->apply_filters('', Array)
#5 /var/www/wordpress/optimus/wp-includes/plugin.php(465): WP_Hook->do_action(Array)
#6 /var/www/wordpress/optimus/wp-content/plugins/woocommerce/includes/class-wc-ajax.php(87): do_action('wc_ajax_checkou...')
#7 /var/www/wordpress/optimus/wp-includes/class-wp- in /var/www/wordpress/optimus/wp-content/plugins/mpesa-woocommerce/lipa_na_mpesa.php on line 120

2019-05-15T08:08:08+00:00 CRITICAL Uncaught Error: Call to undefined function get_api_token() in /var/www/wordpress/optimus/wp-content/plugins/mpesa-woocommerce/lipa_na_mpesa.php:120
Stack trace:
#0 /var/www/wordpress/optimus/wp-content/plugins/woocommerce/includes/class-wc-checkout.php(923): Lipa_Na_Mpesa->process_payment(92)
#1 /var/www/wordpress/optimus/wp-content/plugins/woocommerce/includes/class-wc-checkout.php(1123): WC_Checkout->process_order_payment(92, 'lipa_na_mpesa')
#2 /var/www/wordpress/optimus/wp-content/plugins/woocommerce/includes/class-wc-ajax.php(462): WC_Checkout->process_checkout()
#3 /var/www/wordpress/optimus/wp-includes/class-wp-hook.php(286): WC_AJAX::checkout('')
#4 /var/www/wordpress/optimus/wp-includes/class-wp-hook.php(310): WP_Hook->apply_filters('', Array)
#5 /var/www/wordpress/optimus/wp-includes/plugin.php(465): WP_Hook->do_action(Array)
#6 /var/www/wordpress/optimus/wp-content/plugins/woocommerce/includes/class-wc-ajax.php(87): do_action('wc_ajax_checkou...')
#7 /var/www/wordpress/optimus/wp-includes/class-wp- in /var/www/wordpress/optimus/wp-content/plugins/mpesa-woocommerce/lipa_na_mpesa.php on line 120

2019-05-15T08:48:48+00:00 CRITICAL Uncaught Error: Cannot use object of type WP_Error as array in /var/www/wordpress/optimus/wp-content/plugins/mpesa-woocommerce/lipa_na_mpesa.php:152
Stack trace:
#0 /var/www/wordpress/optimus/wp-content/plugins/woocommerce/includes/class-wc-checkout.php(923): Lipa_Na_Mpesa->process_payment(92)
#1 /var/www/wordpress/optimus/wp-content/plugins/woocommerce/includes/class-wc-checkout.php(1123): WC_Checkout->process_order_payment(92, 'lipa_na_mpesa')
#2 /var/www/wordpress/optimus/wp-content/plugins/woocommerce/includes/class-wc-ajax.php(462): WC_Checkout->process_checkout()
#3 /var/www/wordpress/optimus/wp-includes/class-wp-hook.php(286): WC_AJAX::checkout('')
#4 /var/www/wordpress/optimus/wp-includes/class-wp-hook.php(310): WP_Hook->apply_filters('', Array)
#5 /var/www/wordpress/optimus/wp-includes/plugin.php(465): WP_Hook->do_action(Array)
#6 /var/www/wordpress/optimus/wp-content/plugins/woocommerce/includes/class-wc-ajax.php(87): do_action('wc_ajax_checkou...')
#7 /var/www/wordpress/optimus/wp-includes/class-wp in /var/www/wordpress/optimus/wp-content/plugins/mpesa-woocommerce/lipa_na_mpesa.php on line 152

2019-05-15T08:50:21+00:00 CRITICAL Uncaught Error: Cannot use object of type WP_Error as array in /var/www/wordpress/optimus/wp-content/plugins/mpesa-woocommerce/lipa_na_mpesa.php:152
Stack trace:
#0 /var/www/wordpress/optimus/wp-content/plugins/woocommerce/includes/class-wc-checkout.php(923): Lipa_Na_Mpesa->process_payment(92)
#1 /var/www/wordpress/optimus/wp-content/plugins/woocommerce/includes/class-wc-checkout.php(1123): WC_Checkout->process_order_payment(92, 'lipa_na_mpesa')
#2 /var/www/wordpress/optimus/wp-content/plugins/woocommerce/includes/class-wc-ajax.php(462): WC_Checkout->process_checkout()
#3 /var/www/wordpress/optimus/wp-includes/class-wp-hook.php(286): WC_AJAX::checkout('')
#4 /var/www/wordpress/optimus/wp-includes/class-wp-hook.php(310): WP_Hook->apply_filters('', Array)
#5 /var/www/wordpress/optimus/wp-includes/plugin.php(465): WP_Hook->do_action(Array)
#6 /var/www/wordpress/optimus/wp-content/plugins/woocommerce/includes/class-wc-ajax.php(87): do_action('wc_ajax_checkou...')
#7 /var/www/wordpress/optimus/wp-includes/class-wp in /var/www/wordpress/optimus/wp-content/plugins/mpesa-woocommerce/lipa_na_mpesa.php on line 152

2019-05-15T08:51:14+00:00 CRITICAL Uncaught Error: Cannot use object of type WP_Error as array in /var/www/wordpress/optimus/wp-content/plugins/mpesa-woocommerce/lipa_na_mpesa.php:152
Stack trace:
#0 /var/www/wordpress/optimus/wp-content/plugins/woocommerce/includes/class-wc-checkout.php(923): Lipa_Na_Mpesa->process_payment(92)
#1 /var/www/wordpress/optimus/wp-content/plugins/woocommerce/includes/class-wc-checkout.php(1123): WC_Checkout->process_order_payment(92, 'lipa_na_mpesa')
#2 /var/www/wordpress/optimus/wp-content/plugins/woocommerce/includes/class-wc-ajax.php(462): WC_Checkout->process_checkout()
#3 /var/www/wordpress/optimus/wp-includes/class-wp-hook.php(286): WC_AJAX::checkout('')
#4 /var/www/wordpress/optimus/wp-includes/class-wp-hook.php(310): WP_Hook->apply_filters('', Array)
#5 /var/www/wordpress/optimus/wp-includes/plugin.php(465): WP_Hook->do_action(Array)
#6 /var/www/wordpress/optimus/wp-content/plugins/woocommerce/includes/class-wc-ajax.php(87): do_action('wc_ajax_checkou...')
#7 /var/www/wordpress/optimus/wp-includes/class-wp in /var/www/wordpress/optimus/wp-content/plugins/mpesa-woocommerce/lipa_na_mpesa.php on line 152

2019-05-15T08:51:58+00:00 CRITICAL Uncaught Error: Cannot use object of type WP_Error as array in /var/www/wordpress/optimus/wp-content/plugins/mpesa-woocommerce/lipa_na_mpesa.php:152
Stack trace:
#0 /var/www/wordpress/optimus/wp-content/plugins/woocommerce/includes/class-wc-checkout.php(923): Lipa_Na_Mpesa->process_payment(92)
#1 /var/www/wordpress/optimus/wp-content/plugins/woocommerce/includes/class-wc-checkout.php(1123): WC_Checkout->process_order_payment(92, 'lipa_na_mpesa')
#2 /var/www/wordpress/optimus/wp-content/plugins/woocommerce/includes/class-wc-ajax.php(462): WC_Checkout->process_checkout()
#3 /var/www/wordpress/optimus/wp-includes/class-wp-hook.php(286): WC_AJAX::checkout('')
#4 /var/www/wordpress/optimus/wp-includes/class-wp-hook.php(310): WP_Hook->apply_filters('', Array)
#5 /var/www/wordpress/optimus/wp-includes/plugin.php(465): WP_Hook->do_action(Array)
#6 /var/www/wordpress/optimus/wp-content/plugins/woocommerce/includes/class-wc-ajax.php(87): do_action('wc_ajax_checkou...')
#7 /var/www/wordpress/optimus/wp-includes/class-wp in /var/www/wordpress/optimus/wp-content/plugins/mpesa-woocommerce/lipa_na_mpesa.php on line 152

2019-05-15T08:52:52+00:00 CRITICAL Uncaught Error: Cannot use object of type WP_Error as array in /var/www/wordpress/optimus/wp-content/plugins/mpesa-woocommerce/lipa_na_mpesa.php:152
Stack trace:
#0 /var/www/wordpress/optimus/wp-content/plugins/woocommerce/includes/class-wc-checkout.php(923): Lipa_Na_Mpesa->process_payment(92)
#1 /var/www/wordpress/optimus/wp-content/plugins/woocommerce/includes/class-wc-checkout.php(1123): WC_Checkout->process_order_payment(92, 'lipa_na_mpesa')
#2 /var/www/wordpress/optimus/wp-content/plugins/woocommerce/includes/class-wc-ajax.php(462): WC_Checkout->process_checkout()
#3 /var/www/wordpress/optimus/wp-includes/class-wp-hook.php(286): WC_AJAX::checkout('')
#4 /var/www/wordpress/optimus/wp-includes/class-wp-hook.php(310): WP_Hook->apply_filters('', Array)
#5 /var/www/wordpress/optimus/wp-includes/plugin.php(465): WP_Hook->do_action(Array)
#6 /var/www/wordpress/optimus/wp-content/plugins/woocommerce/includes/class-wc-ajax.php(87): do_action('wc_ajax_checkou...')
#7 /var/www/wordpress/optimus/wp-includes/class-wp in /var/www/wordpress/optimus/wp-content/plugins/mpesa-woocommerce/lipa_na_mpesa.php on line 152

2019-05-15T08:54:09+00:00 CRITICAL Uncaught Error: Cannot use object of type WP_Error as array in /var/www/wordpress/optimus/wp-content/plugins/mpesa-woocommerce/lipa_na_mpesa.php:153
Stack trace:
#0 /var/www/wordpress/optimus/wp-content/plugins/woocommerce/includes/class-wc-checkout.php(923): Lipa_Na_Mpesa->process_payment(92)
#1 /var/www/wordpress/optimus/wp-content/plugins/woocommerce/includes/class-wc-checkout.php(1123): WC_Checkout->process_order_payment(92, 'lipa_na_mpesa')
#2 /var/www/wordpress/optimus/wp-content/plugins/woocommerce/includes/class-wc-ajax.php(462): WC_Checkout->process_checkout()
#3 /var/www/wordpress/optimus/wp-includes/class-wp-hook.php(286): WC_AJAX::checkout('')
#4 /var/www/wordpress/optimus/wp-includes/class-wp-hook.php(310): WP_Hook->apply_filters('', Array)
#5 /var/www/wordpress/optimus/wp-includes/plugin.php(465): WP_Hook->do_action(Array)
#6 /var/www/wordpress/optimus/wp-content/plugins/woocommerce/includes/class-wc-ajax.php(87): do_action('wc_ajax_checkou...')
#7 /var/www/wordpress/optimus/wp-includes/class-wp in /var/www/wordpress/optimus/wp-content/plugins/mpesa-woocommerce/lipa_na_mpesa.php on line 153

2019-05-15T08:55:24+00:00 CRITICAL Uncaught Error: Cannot use object of type WP_Error as array in /var/www/wordpress/optimus/wp-content/plugins/mpesa-woocommerce/lipa_na_mpesa.php:153
Stack trace:
#0 /var/www/wordpress/optimus/wp-content/plugins/woocommerce/includes/class-wc-checkout.php(923): Lipa_Na_Mpesa->process_payment(92)
#1 /var/www/wordpress/optimus/wp-content/plugins/woocommerce/includes/class-wc-checkout.php(1123): WC_Checkout->process_order_payment(92, 'lipa_na_mpesa')
#2 /var/www/wordpress/optimus/wp-content/plugins/woocommerce/includes/class-wc-ajax.php(462): WC_Checkout->process_checkout()
#3 /var/www/wordpress/optimus/wp-includes/class-wp-hook.php(286): WC_AJAX::checkout('')
#4 /var/www/wordpress/optimus/wp-includes/class-wp-hook.php(310): WP_Hook->apply_filters('', Array)
#5 /var/www/wordpress/optimus/wp-includes/plugin.php(465): WP_Hook->do_action(Array)
#6 /var/www/wordpress/optimus/wp-content/plugins/woocommerce/includes/class-wc-ajax.php(87): do_action('wc_ajax_checkou...')
#7 /var/www/wordpress/optimus/wp-includes/class-wp in /var/www/wordpress/optimus/wp-content/plugins/mpesa-woocommerce/lipa_na_mpesa.php on line 153

2019-05-15T08:56:24+00:00 CRITICAL Uncaught Error: Cannot use object of type WP_Error as array in /var/www/wordpress/optimus/wp-content/plugins/mpesa-woocommerce/lipa_na_mpesa.php:153
Stack trace:
#0 /var/www/wordpress/optimus/wp-content/plugins/woocommerce/includes/class-wc-checkout.php(923): Lipa_Na_Mpesa->process_payment(92)
#1 /var/www/wordpress/optimus/wp-content/plugins/woocommerce/includes/class-wc-checkout.php(1123): WC_Checkout->process_order_payment(92, 'lipa_na_mpesa')
#2 /var/www/wordpress/optimus/wp-content/plugins/woocommerce/includes/class-wc-ajax.php(462): WC_Checkout->process_checkout()
#3 /var/www/wordpress/optimus/wp-includes/class-wp-hook.php(286): WC_AJAX::checkout('')
#4 /var/www/wordpress/optimus/wp-includes/class-wp-hook.php(310): WP_Hook->apply_filters('', Array)
#5 /var/www/wordpress/optimus/wp-includes/plugin.php(465): WP_Hook->do_action(Array)
#6 /var/www/wordpress/optimus/wp-content/plugins/woocommerce/includes/class-wc-ajax.php(87): do_action('wc_ajax_checkou...')
#7 /var/www/wordpress/optimus/wp-includes/class-wp in /var/www/wordpress/optimus/wp-content/plugins/mpesa-woocommerce/lipa_na_mpesa.php on line 153

2019-05-15T08:56:39+00:00 CRITICAL Uncaught Error: Cannot use object of type WP_Error as array in /var/www/wordpress/optimus/wp-content/plugins/mpesa-woocommerce/lipa_na_mpesa.php:152
Stack trace:
#0 /var/www/wordpress/optimus/wp-content/plugins/woocommerce/includes/class-wc-checkout.php(923): Lipa_Na_Mpesa->process_payment(92)
#1 /var/www/wordpress/optimus/wp-content/plugins/woocommerce/includes/class-wc-checkout.php(1123): WC_Checkout->process_order_payment(92, 'lipa_na_mpesa')
#2 /var/www/wordpress/optimus/wp-content/plugins/woocommerce/includes/class-wc-ajax.php(462): WC_Checkout->process_checkout()
#3 /var/www/wordpress/optimus/wp-includes/class-wp-hook.php(286): WC_AJAX::checkout('')
#4 /var/www/wordpress/optimus/wp-includes/class-wp-hook.php(310): WP_Hook->apply_filters('', Array)
#5 /var/www/wordpress/optimus/wp-includes/plugin.php(465): WP_Hook->do_action(Array)
#6 /var/www/wordpress/optimus/wp-content/plugins/woocommerce/includes/class-wc-ajax.php(87): do_action('wc_ajax_checkou...')
#7 /var/www/wordpress/optimus/wp-includes/class-wp in /var/www/wordpress/optimus/wp-content/plugins/mpesa-woocommerce/lipa_na_mpesa.php on line 152

2019-05-15T08:57:21+00:00 CRITICAL Uncaught Error: Cannot use object of type WP_Error as array in /var/www/wordpress/optimus/wp-content/plugins/mpesa-woocommerce/lipa_na_mpesa.php:152
Stack trace:
#0 /var/www/wordpress/optimus/wp-content/plugins/woocommerce/includes/class-wc-checkout.php(923): Lipa_Na_Mpesa->process_payment(92)
#1 /var/www/wordpress/optimus/wp-content/plugins/woocommerce/includes/class-wc-checkout.php(1123): WC_Checkout->process_order_payment(92, 'lipa_na_mpesa')
#2 /var/www/wordpress/optimus/wp-content/plugins/woocommerce/includes/class-wc-ajax.php(462): WC_Checkout->process_checkout()
#3 /var/www/wordpress/optimus/wp-includes/class-wp-hook.php(286): WC_AJAX::checkout('')
#4 /var/www/wordpress/optimus/wp-includes/class-wp-hook.php(310): WP_Hook->apply_filters('', Array)
#5 /var/www/wordpress/optimus/wp-includes/plugin.php(465): WP_Hook->do_action(Array)
#6 /var/www/wordpress/optimus/wp-content/plugins/woocommerce/includes/class-wc-ajax.php(87): do_action('wc_ajax_checkou...')
#7 /var/www/wordpress/optimus/wp-includes/class-wp in /var/www/wordpress/optimus/wp-content/plugins/mpesa-woocommerce/lipa_na_mpesa.php on line 152

2019-05-15T09:00:33+00:00 CRITICAL Uncaught Error: Call to undefined function get_access_token() in /var/www/wordpress/optimus/wp-content/plugins/mpesa-woocommerce/lipa_na_mpesa.php:132
Stack trace:
#0 /var/www/wordpress/optimus/wp-content/plugins/woocommerce/includes/class-wc-checkout.php(923): Lipa_Na_Mpesa->process_payment(92)
#1 /var/www/wordpress/optimus/wp-content/plugins/woocommerce/includes/class-wc-checkout.php(1123): WC_Checkout->process_order_payment(92, 'lipa_na_mpesa')
#2 /var/www/wordpress/optimus/wp-content/plugins/woocommerce/includes/class-wc-ajax.php(462): WC_Checkout->process_checkout()
#3 /var/www/wordpress/optimus/wp-includes/class-wp-hook.php(286): WC_AJAX::checkout('')
#4 /var/www/wordpress/optimus/wp-includes/class-wp-hook.php(310): WP_Hook->apply_filters('', Array)
#5 /var/www/wordpress/optimus/wp-includes/plugin.php(465): WP_Hook->do_action(Array)
#6 /var/www/wordpress/optimus/wp-content/plugins/woocommerce/includes/class-wc-ajax.php(87): do_action('wc_ajax_checkou...')
#7 /var/www/wordpress/optimus/wp-includes/class- in /var/www/wordpress/optimus/wp-content/plugins/mpesa-woocommerce/lipa_na_mpesa.php on line 132

2019-05-15T09:00:51+00:00 CRITICAL Uncaught Error: Call to undefined function get_access_token() in /var/www/wordpress/optimus/wp-content/plugins/mpesa-woocommerce/lipa_na_mpesa.php:132
Stack trace:
#0 /var/www/wordpress/optimus/wp-content/plugins/woocommerce/includes/class-wc-checkout.php(923): Lipa_Na_Mpesa->process_payment(92)
#1 /var/www/wordpress/optimus/wp-content/plugins/woocommerce/includes/class-wc-checkout.php(1123): WC_Checkout->process_order_payment(92, 'lipa_na_mpesa')
#2 /var/www/wordpress/optimus/wp-content/plugins/woocommerce/includes/class-wc-ajax.php(462): WC_Checkout->process_checkout()
#3 /var/www/wordpress/optimus/wp-includes/class-wp-hook.php(286): WC_AJAX::checkout('')
#4 /var/www/wordpress/optimus/wp-includes/class-wp-hook.php(310): WP_Hook->apply_filters('', Array)
#5 /var/www/wordpress/optimus/wp-includes/plugin.php(465): WP_Hook->do_action(Array)
#6 /var/www/wordpress/optimus/wp-content/plugins/woocommerce/includes/class-wc-ajax.php(87): do_action('wc_ajax_checkou...')
#7 /var/www/wordpress/optimus/wp-includes/class- in /var/www/wordpress/optimus/wp-content/plugins/mpesa-woocommerce/lipa_na_mpesa.php on line 132

2019-05-15T09:01:41+00:00 CRITICAL Uncaught Error: Call to undefined function get_access_token() in /var/www/wordpress/optimus/wp-content/plugins/mpesa-woocommerce/lipa_na_mpesa.php:132
Stack trace:
#0 /var/www/wordpress/optimus/wp-content/plugins/woocommerce/includes/class-wc-checkout.php(923): Lipa_Na_Mpesa->process_payment(92)
#1 /var/www/wordpress/optimus/wp-content/plugins/woocommerce/includes/class-wc-checkout.php(1123): WC_Checkout->process_order_payment(92, 'lipa_na_mpesa')
#2 /var/www/wordpress/optimus/wp-content/plugins/woocommerce/includes/class-wc-ajax.php(462): WC_Checkout->process_checkout()
#3 /var/www/wordpress/optimus/wp-includes/class-wp-hook.php(286): WC_AJAX::checkout('')
#4 /var/www/wordpress/optimus/wp-includes/class-wp-hook.php(310): WP_Hook->apply_filters('', Array)
#5 /var/www/wordpress/optimus/wp-includes/plugin.php(465): WP_Hook->do_action(Array)
#6 /var/www/wordpress/optimus/wp-content/plugins/woocommerce/includes/class-wc-ajax.php(87): do_action('wc_ajax_checkou...')
#7 /var/www/wordpress/optimus/wp-includes/class- in /var/www/wordpress/optimus/wp-content/plugins/mpesa-woocommerce/lipa_na_mpesa.php on line 132

2019-05-15T09:17:42+00:00 CRITICAL Uncaught Error: Cannot use object of type WP_Error as array in /var/www/wordpress/optimus/wp-content/plugins/mpesa-woocommerce/lipa_na_mpesa.php:139
Stack trace:
#0 /var/www/wordpress/optimus/wp-content/plugins/woocommerce/includes/class-wc-checkout.php(923): Lipa_Na_Mpesa->process_payment(92)
#1 /var/www/wordpress/optimus/wp-content/plugins/woocommerce/includes/class-wc-checkout.php(1123): WC_Checkout->process_order_payment(92, 'lipa_na_mpesa')
#2 /var/www/wordpress/optimus/wp-content/plugins/woocommerce/includes/class-wc-ajax.php(462): WC_Checkout->process_checkout()
#3 /var/www/wordpress/optimus/wp-includes/class-wp-hook.php(286): WC_AJAX::checkout('')
#4 /var/www/wordpress/optimus/wp-includes/class-wp-hook.php(310): WP_Hook->apply_filters('', Array)
#5 /var/www/wordpress/optimus/wp-includes/plugin.php(465): WP_Hook->do_action(Array)
#6 /var/www/wordpress/optimus/wp-content/plugins/woocommerce/includes/class-wc-ajax.php(87): do_action('wc_ajax_checkou...')
#7 /var/www/wordpress/optimus/wp-includes/class-wp in /var/www/wordpress/optimus/wp-content/plugins/mpesa-woocommerce/lipa_na_mpesa.php on line 139

2019-05-15T12:29:36+00:00 CRITICAL Uncaught Error: Cannot use object of type WP_Error as array in /var/www/wordpress/optimus/wp-content/plugins/mpesa-woocommerce/lipa_na_mpesa.php:139
Stack trace:
#0 /var/www/wordpress/optimus/wp-content/plugins/woocommerce/includes/class-wc-checkout.php(923): Lipa_Na_Mpesa->process_payment(96)
#1 /var/www/wordpress/optimus/wp-content/plugins/woocommerce/includes/class-wc-checkout.php(1123): WC_Checkout->process_order_payment(96, 'lipa_na_mpesa')
#2 /var/www/wordpress/optimus/wp-content/plugins/woocommerce/includes/class-wc-ajax.php(462): WC_Checkout->process_checkout()
#3 /var/www/wordpress/optimus/wp-includes/class-wp-hook.php(286): WC_AJAX::checkout('')
#4 /var/www/wordpress/optimus/wp-includes/class-wp-hook.php(310): WP_Hook->apply_filters('', Array)
#5 /var/www/wordpress/optimus/wp-includes/plugin.php(465): WP_Hook->do_action(Array)
#6 /var/www/wordpress/optimus/wp-content/plugins/woocommerce/includes/class-wc-ajax.php(87): do_action('wc_ajax_checkou...')
#7 /var/www/wordpress/optimus/wp-includes/class-wp in /var/www/wordpress/optimus/wp-content/plugins/mpesa-woocommerce/lipa_na_mpesa.php on line 139

2019-05-15T12:30:07+00:00 CRITICAL Uncaught Error: Cannot use object of type WP_Error as array in /var/www/wordpress/optimus/wp-content/plugins/mpesa-woocommerce/lipa_na_mpesa.php:139
Stack trace:
#0 /var/www/wordpress/optimus/wp-content/plugins/woocommerce/includes/class-wc-checkout.php(923): Lipa_Na_Mpesa->process_payment(96)
#1 /var/www/wordpress/optimus/wp-content/plugins/woocommerce/includes/class-wc-checkout.php(1123): WC_Checkout->process_order_payment(96, 'lipa_na_mpesa')
#2 /var/www/wordpress/optimus/wp-content/plugins/woocommerce/includes/class-wc-ajax.php(462): WC_Checkout->process_checkout()
#3 /var/www/wordpress/optimus/wp-includes/class-wp-hook.php(286): WC_AJAX::checkout('')
#4 /var/www/wordpress/optimus/wp-includes/class-wp-hook.php(310): WP_Hook->apply_filters('', Array)
#5 /var/www/wordpress/optimus/wp-includes/plugin.php(465): WP_Hook->do_action(Array)
#6 /var/www/wordpress/optimus/wp-content/plugins/woocommerce/includes/class-wc-ajax.php(87): do_action('wc_ajax_checkou...')
#7 /var/www/wordpress/optimus/wp-includes/class-wp in /var/www/wordpress/optimus/wp-content/plugins/mpesa-woocommerce/lipa_na_mpesa.php on line 139

2019-05-15T12:33:15+00:00 CRITICAL Uncaught Error: Call to a member function get_error_message() on array in /var/www/wordpress/optimus/wp-content/plugins/mpesa-woocommerce/lipa_na_mpesa.php:172
Stack trace:
#0 /var/www/wordpress/optimus/wp-content/plugins/woocommerce/includes/class-wc-checkout.php(923): Lipa_Na_Mpesa->process_payment(96)
#1 /var/www/wordpress/optimus/wp-content/plugins/woocommerce/includes/class-wc-checkout.php(1123): WC_Checkout->process_order_payment(96, 'lipa_na_mpesa')
#2 /var/www/wordpress/optimus/wp-content/plugins/woocommerce/includes/class-wc-ajax.php(462): WC_Checkout->process_checkout()
#3 /var/www/wordpress/optimus/wp-includes/class-wp-hook.php(286): WC_AJAX::checkout('')
#4 /var/www/wordpress/optimus/wp-includes/class-wp-hook.php(310): WP_Hook->apply_filters('', Array)
#5 /var/www/wordpress/optimus/wp-includes/plugin.php(465): WP_Hook->do_action(Array)
#6 /var/www/wordpress/optimus/wp-content/plugins/woocommerce/includes/class-wc-ajax.php(87): do_action('wc_ajax_checkou...')
#7 /var/www/wordpress/optimus/wp-includ in /var/www/wordpress/optimus/wp-content/plugins/mpesa-woocommerce/lipa_na_mpesa.php on line 172

2019-05-15T12:33:47+00:00 CRITICAL Uncaught Error: Call to a member function get_error_message() on array in /var/www/wordpress/optimus/wp-content/plugins/mpesa-woocommerce/lipa_na_mpesa.php:172
Stack trace:
#0 /var/www/wordpress/optimus/wp-content/plugins/woocommerce/includes/class-wc-checkout.php(923): Lipa_Na_Mpesa->process_payment(96)
#1 /var/www/wordpress/optimus/wp-content/plugins/woocommerce/includes/class-wc-checkout.php(1123): WC_Checkout->process_order_payment(96, 'lipa_na_mpesa')
#2 /var/www/wordpress/optimus/wp-content/plugins/woocommerce/includes/class-wc-ajax.php(462): WC_Checkout->process_checkout()
#3 /var/www/wordpress/optimus/wp-includes/class-wp-hook.php(286): WC_AJAX::checkout('')
#4 /var/www/wordpress/optimus/wp-includes/class-wp-hook.php(310): WP_Hook->apply_filters('', Array)
#5 /var/www/wordpress/optimus/wp-includes/plugin.php(465): WP_Hook->do_action(Array)
#6 /var/www/wordpress/optimus/wp-content/plugins/woocommerce/includes/class-wc-ajax.php(87): do_action('wc_ajax_checkou...')
#7 /var/www/wordpress/optimus/wp-includ in /var/www/wordpress/optimus/wp-content/plugins/mpesa-woocommerce/lipa_na_mpesa.php on line 172

2019-05-15T12:34:41+00:00 CRITICAL Uncaught Error: Cannot use object of type WP_Error as array in /var/www/wordpress/optimus/wp-content/plugins/mpesa-woocommerce/lipa_na_mpesa.php:139
Stack trace:
#0 /var/www/wordpress/optimus/wp-content/plugins/woocommerce/includes/class-wc-checkout.php(923): Lipa_Na_Mpesa->process_payment(96)
#1 /var/www/wordpress/optimus/wp-content/plugins/woocommerce/includes/class-wc-checkout.php(1123): WC_Checkout->process_order_payment(96, 'lipa_na_mpesa')
#2 /var/www/wordpress/optimus/wp-content/plugins/woocommerce/includes/class-wc-ajax.php(462): WC_Checkout->process_checkout()
#3 /var/www/wordpress/optimus/wp-includes/class-wp-hook.php(286): WC_AJAX::checkout('')
#4 /var/www/wordpress/optimus/wp-includes/class-wp-hook.php(310): WP_Hook->apply_filters('', Array)
#5 /var/www/wordpress/optimus/wp-includes/plugin.php(465): WP_Hook->do_action(Array)
#6 /var/www/wordpress/optimus/wp-content/plugins/woocommerce/includes/class-wc-ajax.php(87): do_action('wc_ajax_checkou...')
#7 /var/www/wordpress/optimus/wp-includes/class-wp in /var/www/wordpress/optimus/wp-content/plugins/mpesa-woocommerce/lipa_na_mpesa.php on line 139

2019-05-15T12:43:24+00:00 CRITICAL syntax error, unexpected '}' in /var/www/wordpress/optimus/wp-content/plugins/mpesa-woocommerce/lipa_na_mpesa.php on line 34

2019-05-15T13:03:07+00:00 CRITICAL Uncaught Error: Call to undefined method WC_Order::get_order_id() in /var/www/wordpress/optimus/wp-content/plugins/mpesa-woocommerce/lipa_na_mpesa.php:157
Stack trace:
#0 /var/www/wordpress/optimus/wp-content/plugins/woocommerce/includes/class-wc-checkout.php(923): Lipa_Na_Mpesa->process_payment(96)
#1 /var/www/wordpress/optimus/wp-content/plugins/woocommerce/includes/class-wc-checkout.php(1123): WC_Checkout->process_order_payment(96, 'lipa_na_mpesa')
#2 /var/www/wordpress/optimus/wp-content/plugins/woocommerce/includes/class-wc-ajax.php(462): WC_Checkout->process_checkout()
#3 /var/www/wordpress/optimus/wp-includes/class-wp-hook.php(286): WC_AJAX::checkout('')
#4 /var/www/wordpress/optimus/wp-includes/class-wp-hook.php(310): WP_Hook->apply_filters('', Array)
#5 /var/www/wordpress/optimus/wp-includes/plugin.php(465): WP_Hook->do_action(Array)
#6 /var/www/wordpress/optimus/wp-content/plugins/woocommerce/includes/class-wc-ajax.php(87): do_action('wc_ajax_checkou...')
#7 /var/www/wordpress/optimus/wp-includes/cl in /var/www/wordpress/optimus/wp-content/plugins/mpesa-woocommerce/lipa_na_mpesa.php on line 157

2019-05-15T13:22:17+00:00 CRITICAL Uncaught Error: Call to a member function decode() on null in /var/www/wordpress/optimus/wp-content/plugins/mpesa-woocommerce/lipa_na_mpesa.php:144
Stack trace:
#0 /var/www/wordpress/optimus/wp-content/plugins/woocommerce/includes/class-wc-checkout.php(923): Lipa_Na_Mpesa->process_payment(99)
#1 /var/www/wordpress/optimus/wp-content/plugins/woocommerce/includes/class-wc-checkout.php(1123): WC_Checkout->process_order_payment(99, 'lipa_na_mpesa')
#2 /var/www/wordpress/optimus/wp-content/plugins/woocommerce/includes/class-wc-ajax.php(462): WC_Checkout->process_checkout()
#3 /var/www/wordpress/optimus/wp-includes/class-wp-hook.php(286): WC_AJAX::checkout('')
#4 /var/www/wordpress/optimus/wp-includes/class-wp-hook.php(310): WP_Hook->apply_filters('', Array)
#5 /var/www/wordpress/optimus/wp-includes/plugin.php(465): WP_Hook->do_action(Array)
#6 /var/www/wordpress/optimus/wp-content/plugins/woocommerce/includes/class-wc-ajax.php(87): do_action('wc_ajax_checkou...')
#7 /var/www/wordpress/optimus/wp-includes/class-wp- in /var/www/wordpress/optimus/wp-content/plugins/mpesa-woocommerce/lipa_na_mpesa.php on line 144

2019-05-15T14:05:17+00:00 CRITICAL Uncaught Error: Call to undefined function get_access_token() in /var/www/wordpress/optimus/wp-content/plugins/mpesa-woocommerce/lipa_na_mpesa.php:137
Stack trace:
#0 /var/www/wordpress/optimus/wp-content/plugins/woocommerce/includes/class-wc-checkout.php(923): Lipa_Na_Mpesa->process_payment(99)
#1 /var/www/wordpress/optimus/wp-content/plugins/woocommerce/includes/class-wc-checkout.php(1123): WC_Checkout->process_order_payment(99, 'lipa_na_mpesa')
#2 /var/www/wordpress/optimus/wp-content/plugins/woocommerce/includes/class-wc-ajax.php(462): WC_Checkout->process_checkout()
#3 /var/www/wordpress/optimus/wp-includes/class-wp-hook.php(286): WC_AJAX::checkout('')
#4 /var/www/wordpress/optimus/wp-includes/class-wp-hook.php(310): WP_Hook->apply_filters('', Array)
#5 /var/www/wordpress/optimus/wp-includes/plugin.php(465): WP_Hook->do_action(Array)
#6 /var/www/wordpress/optimus/wp-content/plugins/woocommerce/includes/class-wc-ajax.php(87): do_action('wc_ajax_checkou...')
#7 /var/www/wordpress/optimus/wp-includes/class- in /var/www/wordpress/optimus/wp-content/plugins/mpesa-woocommerce/lipa_na_mpesa.php on line 137

2019-05-15T14:05:35+00:00 CRITICAL Uncaught Error: Call to undefined function get_access_token() in /var/www/wordpress/optimus/wp-content/plugins/mpesa-woocommerce/lipa_na_mpesa.php:137
Stack trace:
#0 /var/www/wordpress/optimus/wp-content/plugins/woocommerce/includes/class-wc-checkout.php(923): Lipa_Na_Mpesa->process_payment(99)
#1 /var/www/wordpress/optimus/wp-content/plugins/woocommerce/includes/class-wc-checkout.php(1123): WC_Checkout->process_order_payment(99, 'lipa_na_mpesa')
#2 /var/www/wordpress/optimus/wp-content/plugins/woocommerce/includes/class-wc-ajax.php(462): WC_Checkout->process_checkout()
#3 /var/www/wordpress/optimus/wp-includes/class-wp-hook.php(286): WC_AJAX::checkout('')
#4 /var/www/wordpress/optimus/wp-includes/class-wp-hook.php(310): WP_Hook->apply_filters('', Array)
#5 /var/www/wordpress/optimus/wp-includes/plugin.php(465): WP_Hook->do_action(Array)
#6 /var/www/wordpress/optimus/wp-content/plugins/woocommerce/includes/class-wc-ajax.php(87): do_action('wc_ajax_checkou...')
#7 /var/www/wordpress/optimus/wp-includes/class- in /var/www/wordpress/optimus/wp-content/plugins/mpesa-woocommerce/lipa_na_mpesa.php on line 137

