2019-05-16T09:28:41+00:00 CRITICAL Uncaught Error: Cannot use object of type WP_Error as array in /var/www/wordpress/optimus/wp-content/plugins/mpesa-woocommerce/lipa_na_mpesa.php:144
Stack trace:
#0 /var/www/wordpress/optimus/wp-content/plugins/woocommerce/includes/class-wc-checkout.php(923): Lipa_Na_Mpesa->process_payment(104)
#1 /var/www/wordpress/optimus/wp-content/plugins/woocommerce/includes/class-wc-checkout.php(1123): WC_Checkout->process_order_payment(104, 'lipa_na_mpesa')
#2 /var/www/wordpress/optimus/wp-content/plugins/woocommerce/includes/class-wc-ajax.php(462): WC_Checkout->process_checkout()
#3 /var/www/wordpress/optimus/wp-includes/class-wp-hook.php(286): WC_AJAX::checkout('')
#4 /var/www/wordpress/optimus/wp-includes/class-wp-hook.php(310): WP_Hook->apply_filters('', Array)
#5 /var/www/wordpress/optimus/wp-includes/plugin.php(465): WP_Hook->do_action(Array)
#6 /var/www/wordpress/optimus/wp-content/plugins/woocommerce/includes/class-wc-ajax.php(87): do_action('wc_ajax_checkou...')
#7 /var/www/wordpress/optimus/wp-includes/class- in /var/www/wordpress/optimus/wp-content/plugins/mpesa-woocommerce/lipa_na_mpesa.php on line 144

2019-05-16T09:29:11+00:00 CRITICAL Uncaught Error: Cannot use object of type WP_Error as array in /var/www/wordpress/optimus/wp-content/plugins/mpesa-woocommerce/lipa_na_mpesa.php:144
Stack trace:
#0 /var/www/wordpress/optimus/wp-content/plugins/woocommerce/includes/class-wc-checkout.php(923): Lipa_Na_Mpesa->process_payment(104)
#1 /var/www/wordpress/optimus/wp-content/plugins/woocommerce/includes/class-wc-checkout.php(1123): WC_Checkout->process_order_payment(104, 'lipa_na_mpesa')
#2 /var/www/wordpress/optimus/wp-content/plugins/woocommerce/includes/class-wc-ajax.php(462): WC_Checkout->process_checkout()
#3 /var/www/wordpress/optimus/wp-includes/class-wp-hook.php(286): WC_AJAX::checkout('')
#4 /var/www/wordpress/optimus/wp-includes/class-wp-hook.php(310): WP_Hook->apply_filters('', Array)
#5 /var/www/wordpress/optimus/wp-includes/plugin.php(465): WP_Hook->do_action(Array)
#6 /var/www/wordpress/optimus/wp-content/plugins/woocommerce/includes/class-wc-ajax.php(87): do_action('wc_ajax_checkou...')
#7 /var/www/wordpress/optimus/wp-includes/class- in /var/www/wordpress/optimus/wp-content/plugins/mpesa-woocommerce/lipa_na_mpesa.php on line 144

2019-05-16T09:29:38+00:00 CRITICAL Uncaught Error: Cannot use object of type WP_Error as array in /var/www/wordpress/optimus/wp-content/plugins/mpesa-woocommerce/lipa_na_mpesa.php:144
Stack trace:
#0 /var/www/wordpress/optimus/wp-content/plugins/woocommerce/includes/class-wc-checkout.php(923): Lipa_Na_Mpesa->process_payment(104)
#1 /var/www/wordpress/optimus/wp-content/plugins/woocommerce/includes/class-wc-checkout.php(1123): WC_Checkout->process_order_payment(104, 'lipa_na_mpesa')
#2 /var/www/wordpress/optimus/wp-content/plugins/woocommerce/includes/class-wc-ajax.php(462): WC_Checkout->process_checkout()
#3 /var/www/wordpress/optimus/wp-includes/class-wp-hook.php(286): WC_AJAX::checkout('')
#4 /var/www/wordpress/optimus/wp-includes/class-wp-hook.php(310): WP_Hook->apply_filters('', Array)
#5 /var/www/wordpress/optimus/wp-includes/plugin.php(465): WP_Hook->do_action(Array)
#6 /var/www/wordpress/optimus/wp-content/plugins/woocommerce/includes/class-wc-ajax.php(87): do_action('wc_ajax_checkou...')
#7 /var/www/wordpress/optimus/wp-includes/class- in /var/www/wordpress/optimus/wp-content/plugins/mpesa-woocommerce/lipa_na_mpesa.php on line 144

2019-05-16T09:30:07+00:00 CRITICAL Uncaught Error: Cannot use object of type WP_Error as array in /var/www/wordpress/optimus/wp-content/plugins/mpesa-woocommerce/lipa_na_mpesa.php:144
Stack trace:
#0 /var/www/wordpress/optimus/wp-content/plugins/woocommerce/includes/class-wc-checkout.php(923): Lipa_Na_Mpesa->process_payment(104)
#1 /var/www/wordpress/optimus/wp-content/plugins/woocommerce/includes/class-wc-checkout.php(1123): WC_Checkout->process_order_payment(104, 'lipa_na_mpesa')
#2 /var/www/wordpress/optimus/wp-content/plugins/woocommerce/includes/class-wc-ajax.php(462): WC_Checkout->process_checkout()
#3 /var/www/wordpress/optimus/wp-includes/class-wp-hook.php(286): WC_AJAX::checkout('')
#4 /var/www/wordpress/optimus/wp-includes/class-wp-hook.php(310): WP_Hook->apply_filters('', Array)
#5 /var/www/wordpress/optimus/wp-includes/plugin.php(465): WP_Hook->do_action(Array)
#6 /var/www/wordpress/optimus/wp-content/plugins/woocommerce/includes/class-wc-ajax.php(87): do_action('wc_ajax_checkou...')
#7 /var/www/wordpress/optimus/wp-includes/class- in /var/www/wordpress/optimus/wp-content/plugins/mpesa-woocommerce/lipa_na_mpesa.php on line 144

2019-05-16T09:32:25+00:00 CRITICAL Uncaught Error: Cannot use object of type WP_Error as array in /var/www/wordpress/optimus/wp-content/plugins/mpesa-woocommerce/lipa_na_mpesa.php:144
Stack trace:
#0 /var/www/wordpress/optimus/wp-content/plugins/woocommerce/includes/class-wc-checkout.php(923): Lipa_Na_Mpesa->process_payment(104)
#1 /var/www/wordpress/optimus/wp-content/plugins/woocommerce/includes/class-wc-checkout.php(1123): WC_Checkout->process_order_payment(104, 'lipa_na_mpesa')
#2 /var/www/wordpress/optimus/wp-content/plugins/woocommerce/includes/class-wc-ajax.php(462): WC_Checkout->process_checkout()
#3 /var/www/wordpress/optimus/wp-includes/class-wp-hook.php(286): WC_AJAX::checkout('')
#4 /var/www/wordpress/optimus/wp-includes/class-wp-hook.php(310): WP_Hook->apply_filters('', Array)
#5 /var/www/wordpress/optimus/wp-includes/plugin.php(465): WP_Hook->do_action(Array)
#6 /var/www/wordpress/optimus/wp-content/plugins/woocommerce/includes/class-wc-ajax.php(87): do_action('wc_ajax_checkou...')
#7 /var/www/wordpress/optimus/wp-includes/class- in /var/www/wordpress/optimus/wp-content/plugins/mpesa-woocommerce/lipa_na_mpesa.php on line 144

2019-05-16T10:07:18+00:00 CRITICAL syntax error, unexpected '*' in /var/www/wordpress/optimus/wp-content/plugins/mpesa-woocommerce/lipa_na_mpesa.php on line 210

2019-05-16T10:07:20+00:00 CRITICAL syntax error, unexpected '*' in /var/www/wordpress/optimus/wp-content/plugins/mpesa-woocommerce/lipa_na_mpesa.php on line 210

2019-05-16T11:24:27+00:00 CRITICAL Uncaught Error: Cannot use object of type WP_Error as array in /var/www/wordpress/optimus/wp-content/plugins/mpesa-woocommerce/lipa_na_mpesa.php:145
Stack trace:
#0 /var/www/wordpress/optimus/wp-content/plugins/woocommerce/includes/class-wc-checkout.php(923): Lipa_Na_Mpesa->process_payment(105)
#1 /var/www/wordpress/optimus/wp-content/plugins/woocommerce/includes/class-wc-checkout.php(1123): WC_Checkout->process_order_payment(105, 'lipa_na_mpesa')
#2 /var/www/wordpress/optimus/wp-content/plugins/woocommerce/includes/class-wc-ajax.php(462): WC_Checkout->process_checkout()
#3 /var/www/wordpress/optimus/wp-includes/class-wp-hook.php(286): WC_AJAX::checkout('')
#4 /var/www/wordpress/optimus/wp-includes/class-wp-hook.php(310): WP_Hook->apply_filters('', Array)
#5 /var/www/wordpress/optimus/wp-includes/plugin.php(465): WP_Hook->do_action(Array)
#6 /var/www/wordpress/optimus/wp-content/plugins/woocommerce/includes/class-wc-ajax.php(87): do_action('wc_ajax_checkou...')
#7 /var/www/wordpress/optimus/wp-includes/class- in /var/www/wordpress/optimus/wp-content/plugins/mpesa-woocommerce/lipa_na_mpesa.php on line 145

2019-05-16T11:25:52+00:00 CRITICAL Uncaught Error: Cannot use object of type WP_Error as array in /var/www/wordpress/optimus/wp-content/plugins/mpesa-woocommerce/lipa_na_mpesa.php:145
Stack trace:
#0 /var/www/wordpress/optimus/wp-content/plugins/woocommerce/includes/class-wc-checkout.php(923): Lipa_Na_Mpesa->process_payment(105)
#1 /var/www/wordpress/optimus/wp-content/plugins/woocommerce/includes/class-wc-checkout.php(1123): WC_Checkout->process_order_payment(105, 'lipa_na_mpesa')
#2 /var/www/wordpress/optimus/wp-content/plugins/woocommerce/includes/class-wc-ajax.php(462): WC_Checkout->process_checkout()
#3 /var/www/wordpress/optimus/wp-includes/class-wp-hook.php(286): WC_AJAX::checkout('')
#4 /var/www/wordpress/optimus/wp-includes/class-wp-hook.php(310): WP_Hook->apply_filters('', Array)
#5 /var/www/wordpress/optimus/wp-includes/plugin.php(465): WP_Hook->do_action(Array)
#6 /var/www/wordpress/optimus/wp-content/plugins/woocommerce/includes/class-wc-ajax.php(87): do_action('wc_ajax_checkou...')
#7 /var/www/wordpress/optimus/wp-includes/class- in /var/www/wordpress/optimus/wp-content/plugins/mpesa-woocommerce/lipa_na_mpesa.php on line 145

2019-05-16T11:26:22+00:00 CRITICAL Uncaught Error: Cannot use object of type WP_Error as array in /var/www/wordpress/optimus/wp-content/plugins/mpesa-woocommerce/lipa_na_mpesa.php:145
Stack trace:
#0 /var/www/wordpress/optimus/wp-content/plugins/woocommerce/includes/class-wc-checkout.php(923): Lipa_Na_Mpesa->process_payment(105)
#1 /var/www/wordpress/optimus/wp-content/plugins/woocommerce/includes/class-wc-checkout.php(1123): WC_Checkout->process_order_payment(105, 'lipa_na_mpesa')
#2 /var/www/wordpress/optimus/wp-content/plugins/woocommerce/includes/class-wc-ajax.php(462): WC_Checkout->process_checkout()
#3 /var/www/wordpress/optimus/wp-includes/class-wp-hook.php(286): WC_AJAX::checkout('')
#4 /var/www/wordpress/optimus/wp-includes/class-wp-hook.php(310): WP_Hook->apply_filters('', Array)
#5 /var/www/wordpress/optimus/wp-includes/plugin.php(465): WP_Hook->do_action(Array)
#6 /var/www/wordpress/optimus/wp-content/plugins/woocommerce/includes/class-wc-ajax.php(87): do_action('wc_ajax_checkou...')
#7 /var/www/wordpress/optimus/wp-includes/class- in /var/www/wordpress/optimus/wp-content/plugins/mpesa-woocommerce/lipa_na_mpesa.php on line 145

2019-05-16T11:26:59+00:00 CRITICAL Uncaught Error: Cannot use object of type WP_Error as array in /var/www/wordpress/optimus/wp-content/plugins/mpesa-woocommerce/lipa_na_mpesa.php:145
Stack trace:
#0 /var/www/wordpress/optimus/wp-content/plugins/woocommerce/includes/class-wc-checkout.php(923): Lipa_Na_Mpesa->process_payment(105)
#1 /var/www/wordpress/optimus/wp-content/plugins/woocommerce/includes/class-wc-checkout.php(1123): WC_Checkout->process_order_payment(105, 'lipa_na_mpesa')
#2 /var/www/wordpress/optimus/wp-content/plugins/woocommerce/includes/class-wc-ajax.php(462): WC_Checkout->process_checkout()
#3 /var/www/wordpress/optimus/wp-includes/class-wp-hook.php(286): WC_AJAX::checkout('')
#4 /var/www/wordpress/optimus/wp-includes/class-wp-hook.php(310): WP_Hook->apply_filters('', Array)
#5 /var/www/wordpress/optimus/wp-includes/plugin.php(465): WP_Hook->do_action(Array)
#6 /var/www/wordpress/optimus/wp-content/plugins/woocommerce/includes/class-wc-ajax.php(87): do_action('wc_ajax_checkou...')
#7 /var/www/wordpress/optimus/wp-includes/class- in /var/www/wordpress/optimus/wp-content/plugins/mpesa-woocommerce/lipa_na_mpesa.php on line 145

2019-05-16T11:33:12+00:00 CRITICAL Uncaught Error: Cannot use object of type WP_Error as array in /var/www/wordpress/optimus/wp-content/plugins/mpesa-woocommerce/lipa_na_mpesa.php:145
Stack trace:
#0 /var/www/wordpress/optimus/wp-content/plugins/woocommerce/includes/class-wc-checkout.php(923): Lipa_Na_Mpesa->process_payment(105)
#1 /var/www/wordpress/optimus/wp-content/plugins/woocommerce/includes/class-wc-checkout.php(1123): WC_Checkout->process_order_payment(105, 'lipa_na_mpesa')
#2 /var/www/wordpress/optimus/wp-content/plugins/woocommerce/includes/class-wc-ajax.php(462): WC_Checkout->process_checkout()
#3 /var/www/wordpress/optimus/wp-includes/class-wp-hook.php(286): WC_AJAX::checkout('')
#4 /var/www/wordpress/optimus/wp-includes/class-wp-hook.php(310): WP_Hook->apply_filters('', Array)
#5 /var/www/wordpress/optimus/wp-includes/plugin.php(465): WP_Hook->do_action(Array)
#6 /var/www/wordpress/optimus/wp-content/plugins/woocommerce/includes/class-wc-ajax.php(87): do_action('wc_ajax_checkou...')
#7 /var/www/wordpress/optimus/wp-includes/class- in /var/www/wordpress/optimus/wp-content/plugins/mpesa-woocommerce/lipa_na_mpesa.php on line 145

2019-05-16T11:35:16+00:00 CRITICAL Uncaught Error: Cannot use object of type WP_Error as array in /var/www/wordpress/optimus/wp-content/plugins/mpesa-woocommerce/lipa_na_mpesa.php:145
Stack trace:
#0 /var/www/wordpress/optimus/wp-content/plugins/woocommerce/includes/class-wc-checkout.php(923): Lipa_Na_Mpesa->process_payment(106)
#1 /var/www/wordpress/optimus/wp-content/plugins/woocommerce/includes/class-wc-checkout.php(1123): WC_Checkout->process_order_payment(106, 'lipa_na_mpesa')
#2 /var/www/wordpress/optimus/wp-content/plugins/woocommerce/includes/class-wc-ajax.php(462): WC_Checkout->process_checkout()
#3 /var/www/wordpress/optimus/wp-includes/class-wp-hook.php(286): WC_AJAX::checkout('')
#4 /var/www/wordpress/optimus/wp-includes/class-wp-hook.php(310): WP_Hook->apply_filters('', Array)
#5 /var/www/wordpress/optimus/wp-includes/plugin.php(465): WP_Hook->do_action(Array)
#6 /var/www/wordpress/optimus/wp-content/plugins/woocommerce/includes/class-wc-ajax.php(87): do_action('wc_ajax_checkou...')
#7 /var/www/wordpress/optimus/wp-includes/class- in /var/www/wordpress/optimus/wp-content/plugins/mpesa-woocommerce/lipa_na_mpesa.php on line 145

2019-05-16T12:34:11+00:00 CRITICAL syntax error, unexpected ';', expecting ')' in /var/www/wordpress/optimus/wp-content/plugins/mpesa-woocommerce/lipa_na_mpesa.php on line 107

2019-05-16T12:35:24+00:00 CRITICAL syntax error, unexpected ';', expecting ')' in /var/www/wordpress/optimus/wp-content/plugins/mpesa-woocommerce/lipa_na_mpesa.php on line 103

2019-05-16T12:35:42+00:00 CRITICAL syntax error, unexpected ';', expecting ')' in /var/www/wordpress/optimus/wp-content/plugins/mpesa-woocommerce/lipa_na_mpesa.php on line 103

